<?xml version="1.0" encoding="UTF-8"?>
<testng-results total="2" passed="2" failed="0" skipped="0">
  <reporter-output>
  </reporter-output>
  <suite started-at="2021-11-04T11:31:24Z" name="Default suite" finished-at="2021-11-04T11:31:28Z" duration-ms="3934">
    <groups>
    </groups>
    <test started-at="2021-11-04T11:31:24Z" name="Default test" finished-at="2021-11-04T11:31:28Z" duration-ms="3934">
      <class name="apiTesting.AddEmployeeTests">
        <test-method signature="addEmployeeFailure()[pri:0, instance:apiTesting.AddEmployeeTests@6cd24612]" started-at="2021-11-04T06:31:24Z" name="addEmployeeFailure" finished-at="2021-11-04T06:31:26Z" duration-ms="2566" status="PASS">
          <reporter-output>
          </reporter-output>
        </test-method> <!-- addEmployeeFailure -->
        <test-method signature="addEmployeeSuccess()[pri:0, instance:apiTesting.AddEmployeeTests@6cd24612]" started-at="2021-11-04T06:31:26Z" name="addEmployeeSuccess" finished-at="2021-11-04T06:31:28Z" duration-ms="1333" status="PASS">
          <reporter-output>
          </reporter-output>
        </test-method> <!-- addEmployeeSuccess -->
      </class> <!-- apiTesting.AddEmployeeTests -->
    </test> <!-- Default test -->
  </suite> <!-- Default suite -->
</testng-results>
